{"/home/mckenzie1111/iteration_project/digipet/mocks/fileMock.js": {"path":"/home/mckenzie1111/iteration_project/digipet/mocks/fileMock.js","statementMap":{"0":{"start":{"line":1,"column":0},"end":{"line":1,"column":20}}},"fnMap":{},"branchMap":{},"s":{"0":1},"f":{},"b":{},"_coverageSchema":"1a1c01bbd47fc00a2c39e90264f33305004495a9","hash":"83c5d0c09b1a94dfd00c91a737b0bc5ebdfe60d5"}
,"/home/mckenzie1111/iteration_project/digipet/src/styles.scss": {"path":"/home/mckenzie1111/iteration_project/digipet/src/styles.scss","statementMap":{"0":{"start":{"line":1,"column":0},"end":{"line":1,"column":19}}},"fnMap":{},"branchMap":{},"s":{"0":1},"f":{},"b":{},"_coverageSchema":"1a1c01bbd47fc00a2c39e90264f33305004495a9","hash":"7a219d0cfbcd6a44c9f75326d8c9300488ea219d"}
,"/home/mckenzie1111/iteration_project/digipet/src/components/App.jsx": {"path":"/home/mckenzie1111/iteration_project/digipet/src/components/App.jsx","statementMap":{"0":{"start":{"line":9,"column":2},"end":{"line":18,"column":4}}},"fnMap":{"0":{"name":"App","decl":{"start":{"line":8,"column":9},"end":{"line":8,"column":12}},"loc":{"start":{"line":8,"column":15},"end":{"line":19,"column":1}},"line":8}},"branchMap":{},"s":{"0":0},"f":{"0":0},"b":{},"_coverageSchema":"1a1c01bbd47fc00a2c39e90264f33305004495a9","hash":"ed64f2797e7f4902ef35d9bd4a9e7fb210dc1880"}
,"/home/mckenzie1111/iteration_project/digipet/src/components/CreatePage.jsx": {"path":"/home/mckenzie1111/iteration_project/digipet/src/components/CreatePage.jsx","statementMap":{"0":{"start":{"line":7,"column":2},"end":{"line":17,"column":4}}},"fnMap":{"0":{"name":"CreatePage","decl":{"start":{"line":6,"column":9},"end":{"line":6,"column":19}},"loc":{"start":{"line":6,"column":22},"end":{"line":18,"column":1}},"line":6}},"branchMap":{},"s":{"0":0},"f":{"0":0},"b":{},"_coverageSchema":"1a1c01bbd47fc00a2c39e90264f33305004495a9","hash":"f5d6d064c9bf5411386f1e05efa1b0f0351b2b60"}
,"/home/mckenzie1111/iteration_project/digipet/src/components/Dropdown.jsx": {"path":"/home/mckenzie1111/iteration_project/digipet/src/components/Dropdown.jsx","statementMap":{"0":{"start":{"line":6,"column":19},"end":{"line":6,"column":32}},"1":{"start":{"line":8,"column":42},"end":{"line":8,"column":54}},"2":{"start":{"line":11,"column":2},"end":{"line":20,"column":9}},"3":{"start":{"line":12,"column":4},"end":{"line":19,"column":9}},"4":{"start":{"line":15,"column":32},"end":{"line":15,"column":53}},"5":{"start":{"line":17,"column":8},"end":{"line":17,"column":52}},"6":{"start":{"line":18,"column":8},"end":{"line":18,"column":36}},"7":{"start":{"line":23,"column":19},"end":{"line":23,"column":55}},"8":{"start":{"line":24,"column":13},"end":{"line":24,"column":56}},"9":{"start":{"line":25,"column":4},"end":{"line":25,"column":26}},"10":{"start":{"line":28,"column":4},"end":{"line":28,"column":31}},"11":{"start":{"line":30,"column":2},"end":{"line":42,"column":4}},"12":{"start":{"line":38,"column":10},"end":{"line":38,"column":50}}},"fnMap":{"0":{"name":"Dropdown","decl":{"start":{"line":5,"column":9},"end":{"line":5,"column":17}},"loc":{"start":{"line":5,"column":20},"end":{"line":43,"column":1}},"line":5},"1":{"name":"(anonymous_1)","decl":{"start":{"line":11,"column":12},"end":{"line":11,"column":13}},"loc":{"start":{"line":11,"column":18},"end":{"line":20,"column":3}},"line":11},"2":{"name":"(anonymous_2)","decl":{"start":{"line":15,"column":12},"end":{"line":15,"column":13}},"loc":{"start":{"line":15,"column":32},"end":{"line":15,"column":53}},"line":15},"3":{"name":"(anonymous_3)","decl":{"start":{"line":16,"column":12},"end":{"line":16,"column":13}},"loc":{"start":{"line":16,"column":28},"end":{"line":19,"column":7}},"line":16},"4":{"name":"goToPetPage","decl":{"start":{"line":22,"column":11},"end":{"line":22,"column":22}},"loc":{"start":{"line":22,"column":25},"end":{"line":29,"column":3}},"line":22},"5":{"name":"(anonymous_5)","decl":{"start":{"line":37,"column":26},"end":{"line":37,"column":27}},"loc":{"start":{"line":38,"column":10},"end":{"line":38,"column":50}},"line":38}},"branchMap":{},"s":{"0":5,"1":0,"2":0,"3":0,"4":0,"5":0,"6":0,"7":0,"8":0,"9":0,"10":0,"11":0,"12":0},"f":{"0":5,"1":0,"2":0,"3":0,"4":0,"5":0},"b":{},"_coverageSchema":"1a1c01bbd47fc00a2c39e90264f33305004495a9","hash":"0a070604ee0538d823a51cb180ae20df3c8a3034"}
,"/home/mckenzie1111/iteration_project/digipet/src/components/Form.jsx": {"path":"/home/mckenzie1111/iteration_project/digipet/src/components/Form.jsx","statementMap":{"0":{"start":{"line":10,"column":19},"end":{"line":10,"column":32}},"1":{"start":{"line":13,"column":4},"end":{"line":13,"column":23}},"2":{"start":{"line":14,"column":22},"end":{"line":14,"column":59}},"3":{"start":{"line":15,"column":4},"end":{"line":15,"column":42}},"4":{"start":{"line":18,"column":4},"end":{"line":18,"column":79}},"5":{"start":{"line":19,"column":4},"end":{"line":19,"column":44}},"6":{"start":{"line":21,"column":4},"end":{"line":40,"column":67}},"7":{"start":{"line":30,"column":26},"end":{"line":30,"column":41}},"8":{"start":{"line":32,"column":8},"end":{"line":32,"column":41}},"9":{"start":{"line":40,"column":24},"end":{"line":40,"column":65}},"10":{"start":{"line":43,"column":2},"end":{"line":90,"column":4}}},"fnMap":{"0":{"name":"Form","decl":{"start":{"line":9,"column":9},"end":{"line":9,"column":13}},"loc":{"start":{"line":9,"column":16},"end":{"line":91,"column":1}},"line":9},"1":{"name":"handleContinue","decl":{"start":{"line":11,"column":11},"end":{"line":11,"column":25}},"loc":{"start":{"line":11,"column":29},"end":{"line":41,"column":3}},"line":11},"2":{"name":"(anonymous_2)","decl":{"start":{"line":30,"column":12},"end":{"line":30,"column":13}},"loc":{"start":{"line":30,"column":26},"end":{"line":30,"column":41}},"line":30},"3":{"name":"(anonymous_3)","decl":{"start":{"line":31,"column":12},"end":{"line":31,"column":13}},"loc":{"start":{"line":31,"column":22},"end":{"line":33,"column":7}},"line":31},"4":{"name":"(anonymous_4)","decl":{"start":{"line":40,"column":13},"end":{"line":40,"column":14}},"loc":{"start":{"line":40,"column":24},"end":{"line":40,"column":65}},"line":40}},"branchMap":{},"s":{"0":0,"1":0,"2":0,"3":0,"4":0,"5":0,"6":0,"7":0,"8":0,"9":0,"10":0},"f":{"0":0,"1":0,"2":0,"3":0,"4":0},"b":{},"_coverageSchema":"1a1c01bbd47fc00a2c39e90264f33305004495a9","hash":"7c36c18bd3e4e793686b816288f9f6c202436b32"}
,"/home/mckenzie1111/iteration_project/digipet/src/components/PetPage.jsx": {"path":"/home/mckenzie1111/iteration_project/digipet/src/components/PetPage.jsx","statementMap":{"0":{"start":{"line":11,"column":30},"end":{"line":11,"column":42}},"1":{"start":{"line":12,"column":32},"end":{"line":12,"column":46}},"2":{"start":{"line":15,"column":2},"end":{"line":37,"column":9}},"3":{"start":{"line":17,"column":14},"end":{"line":17,"column":34}},"4":{"start":{"line":18,"column":4},"end":{"line":18,"column":28}},"5":{"start":{"line":19,"column":4},"end":{"line":19,"column":61}},"6":{"start":{"line":20,"column":13},"end":{"line":20,"column":52}},"7":{"start":{"line":21,"column":4},"end":{"line":21,"column":26}},"8":{"start":{"line":23,"column":4},"end":{"line":36,"column":9}},"9":{"start":{"line":27,"column":21},"end":{"line":27,"column":31}},"10":{"start":{"line":29,"column":8},"end":{"line":29,"column":51}},"11":{"start":{"line":32,"column":8},"end":{"line":32,"column":45}},"12":{"start":{"line":35,"column":8},"end":{"line":35,"column":26}},"13":{"start":{"line":40,"column":4},"end":{"line":50,"column":5}},"14":{"start":{"line":42,"column":8},"end":{"line":42,"column":46}},"15":{"start":{"line":43,"column":8},"end":{"line":43,"column":21}},"16":{"start":{"line":45,"column":8},"end":{"line":45,"column":20}},"17":{"start":{"line":47,"column":8},"end":{"line":47,"column":22}},"18":{"start":{"line":49,"column":8},"end":{"line":49,"column":25}},"19":{"start":{"line":53,"column":2},"end":{"line":65,"column":4}}},"fnMap":{"0":{"name":"PetPage","decl":{"start":{"line":10,"column":9},"end":{"line":10,"column":16}},"loc":{"start":{"line":10,"column":19},"end":{"line":66,"column":1}},"line":10},"1":{"name":"(anonymous_1)","decl":{"start":{"line":15,"column":12},"end":{"line":15,"column":13}},"loc":{"start":{"line":15,"column":18},"end":{"line":37,"column":3}},"line":15},"2":{"name":"(anonymous_2)","decl":{"start":{"line":27,"column":12},"end":{"line":27,"column":13}},"loc":{"start":{"line":27,"column":21},"end":{"line":27,"column":31}},"line":27},"3":{"name":"(anonymous_3)","decl":{"start":{"line":28,"column":12},"end":{"line":28,"column":13}},"loc":{"start":{"line":28,"column":27},"end":{"line":30,"column":7}},"line":28},"4":{"name":"(anonymous_4)","decl":{"start":{"line":31,"column":13},"end":{"line":31,"column":14}},"loc":{"start":{"line":31,"column":24},"end":{"line":33,"column":7}},"line":31},"5":{"name":"(anonymous_5)","decl":{"start":{"line":34,"column":15},"end":{"line":34,"column":16}},"loc":{"start":{"line":34,"column":21},"end":{"line":36,"column":7}},"line":34},"6":{"name":"getPetImages","decl":{"start":{"line":39,"column":11},"end":{"line":39,"column":23}},"loc":{"start":{"line":39,"column":37},"end":{"line":51,"column":3}},"line":39}},"branchMap":{"0":{"loc":{"start":{"line":40,"column":4},"end":{"line":50,"column":5}},"type":"switch","locations":[{"start":{"line":41,"column":6},"end":{"line":43,"column":21}},{"start":{"line":44,"column":6},"end":{"line":45,"column":20}},{"start":{"line":46,"column":6},"end":{"line":47,"column":22}},{"start":{"line":48,"column":6},"end":{"line":49,"column":25}}],"line":40}},"s":{"0":0,"1":0,"2":0,"3":0,"4":0,"5":0,"6":0,"7":0,"8":0,"9":0,"10":0,"11":0,"12":0,"13":0,"14":0,"15":0,"16":0,"17":0,"18":0,"19":0},"f":{"0":0,"1":0,"2":0,"3":0,"4":0,"5":0,"6":0},"b":{"0":[0,0,0,0]},"_coverageSchema":"1a1c01bbd47fc00a2c39e90264f33305004495a9","hash":"57db34054715d92cf80ec1954cdf5f25f4206f8c"}
,"/home/mckenzie1111/iteration_project/digipet/src/components/StatusBar.jsx": {"path":"/home/mckenzie1111/iteration_project/digipet/src/components/StatusBar.jsx","statementMap":{"0":{"start":{"line":6,"column":32},"end":{"line":6,"column":43}},"1":{"start":{"line":7,"column":32},"end":{"line":7,"column":43}},"2":{"start":{"line":9,"column":17},"end":{"line":9,"column":28}},"3":{"start":{"line":11,"column":29},"end":{"line":14,"column":5}},"4":{"start":{"line":12,"column":8},"end":{"line":12,"column":66}},"5":{"start":{"line":12,"column":34},"end":{"line":12,"column":64}},"6":{"start":{"line":13,"column":8},"end":{"line":13,"column":50}},"7":{"start":{"line":16,"column":32},"end":{"line":19,"column":5}},"8":{"start":{"line":17,"column":8},"end":{"line":17,"column":66}},"9":{"start":{"line":17,"column":34},"end":{"line":17,"column":64}},"10":{"start":{"line":18,"column":8},"end":{"line":18,"column":50}},"11":{"start":{"line":26,"column":4},"end":{"line":47,"column":12}},"12":{"start":{"line":27,"column":8},"end":{"line":39,"column":71}},"13":{"start":{"line":29,"column":12},"end":{"line":29,"column":30}},"14":{"start":{"line":32,"column":12},"end":{"line":37,"column":13}},"15":{"start":{"line":33,"column":12},"end":{"line":33,"column":35}},"16":{"start":{"line":34,"column":12},"end":{"line":34,"column":35}},"17":{"start":{"line":35,"column":12},"end":{"line":35,"column":36}},"18":{"start":{"line":36,"column":12},"end":{"line":36,"column":36}},"19":{"start":{"line":39,"column":26},"end":{"line":39,"column":70}},"20":{"start":{"line":41,"column":37},"end":{"line":44,"column":16}},"21":{"start":{"line":42,"column":12},"end":{"line":42,"column":67}},"22":{"start":{"line":42,"column":38},"end":{"line":42,"column":65}},"23":{"start":{"line":43,"column":12},"end":{"line":43,"column":67}},"24":{"start":{"line":43,"column":38},"end":{"line":43,"column":65}},"25":{"start":{"line":46,"column":8},"end":{"line":46,"column":57}},"26":{"start":{"line":46,"column":21},"end":{"line":46,"column":56}},"27":{"start":{"line":50,"column":31},"end":{"line":66,"column":5}},"28":{"start":{"line":52,"column":8},"end":{"line":65,"column":67}},"29":{"start":{"line":60,"column":28},"end":{"line":60,"column":39}},"30":{"start":{"line":62,"column":16},"end":{"line":62,"column":46}},"31":{"start":{"line":63,"column":16},"end":{"line":63,"column":46}},"32":{"start":{"line":65,"column":28},"end":{"line":65,"column":66}},"33":{"start":{"line":69,"column":4},"end":{"line":84,"column":5}}},"fnMap":{"0":{"name":"StatusBar","decl":{"start":{"line":4,"column":9},"end":{"line":4,"column":18}},"loc":{"start":{"line":4,"column":22},"end":{"line":88,"column":1}},"line":4},"1":{"name":"(anonymous_1)","decl":{"start":{"line":11,"column":29},"end":{"line":11,"column":30}},"loc":{"start":{"line":11,"column":35},"end":{"line":14,"column":5}},"line":11},"2":{"name":"(anonymous_2)","decl":{"start":{"line":12,"column":18},"end":{"line":12,"column":19}},"loc":{"start":{"line":12,"column":34},"end":{"line":12,"column":64}},"line":12},"3":{"name":"(anonymous_3)","decl":{"start":{"line":16,"column":32},"end":{"line":16,"column":33}},"loc":{"start":{"line":16,"column":38},"end":{"line":19,"column":5}},"line":16},"4":{"name":"(anonymous_4)","decl":{"start":{"line":17,"column":18},"end":{"line":17,"column":19}},"loc":{"start":{"line":17,"column":34},"end":{"line":17,"column":64}},"line":17},"5":{"name":"(anonymous_5)","decl":{"start":{"line":26,"column":14},"end":{"line":26,"column":15}},"loc":{"start":{"line":26,"column":20},"end":{"line":47,"column":5}},"line":26},"6":{"name":"(anonymous_6)","decl":{"start":{"line":28,"column":14},"end":{"line":28,"column":15}},"loc":{"start":{"line":28,"column":24},"end":{"line":30,"column":9}},"line":28},"7":{"name":"(anonymous_7)","decl":{"start":{"line":31,"column":14},"end":{"line":31,"column":15}},"loc":{"start":{"line":31,"column":24},"end":{"line":38,"column":9}},"line":31},"8":{"name":"(anonymous_8)","decl":{"start":{"line":39,"column":15},"end":{"line":39,"column":16}},"loc":{"start":{"line":39,"column":26},"end":{"line":39,"column":70}},"line":39},"9":{"name":"(anonymous_9)","decl":{"start":{"line":41,"column":49},"end":{"line":41,"column":50}},"loc":{"start":{"line":41,"column":55},"end":{"line":44,"column":9}},"line":41},"10":{"name":"(anonymous_10)","decl":{"start":{"line":42,"column":22},"end":{"line":42,"column":23}},"loc":{"start":{"line":42,"column":38},"end":{"line":42,"column":65}},"line":42},"11":{"name":"(anonymous_11)","decl":{"start":{"line":43,"column":22},"end":{"line":43,"column":23}},"loc":{"start":{"line":43,"column":38},"end":{"line":43,"column":65}},"line":43},"12":{"name":"(anonymous_12)","decl":{"start":{"line":46,"column":15},"end":{"line":46,"column":16}},"loc":{"start":{"line":46,"column":21},"end":{"line":46,"column":56}},"line":46},"13":{"name":"(anonymous_13)","decl":{"start":{"line":50,"column":31},"end":{"line":50,"column":32}},"loc":{"start":{"line":50,"column":50},"end":{"line":66,"column":5}},"line":50},"14":{"name":"(anonymous_14)","decl":{"start":{"line":60,"column":18},"end":{"line":60,"column":19}},"loc":{"start":{"line":60,"column":28},"end":{"line":60,"column":39}},"line":60},"15":{"name":"(anonymous_15)","decl":{"start":{"line":61,"column":18},"end":{"line":61,"column":19}},"loc":{"start":{"line":61,"column":35},"end":{"line":64,"column":13}},"line":61},"16":{"name":"(anonymous_16)","decl":{"start":{"line":65,"column":19},"end":{"line":65,"column":20}},"loc":{"start":{"line":65,"column":28},"end":{"line":65,"column":66}},"line":65}},"branchMap":{"0":{"loc":{"start":{"line":32,"column":12},"end":{"line":37,"column":13}},"type":"if","locations":[{"start":{"line":32,"column":12},"end":{"line":37,"column":13}},{"start":{},"end":{}}],"line":32},"1":{"loc":{"start":{"line":32,"column":15},"end":{"line":32,"column":77}},"type":"binary-expr","locations":[{"start":{"line":32,"column":15},"end":{"line":32,"column":19}},{"start":{"line":32,"column":23},"end":{"line":32,"column":48}},{"start":{"line":32,"column":52},"end":{"line":32,"column":77}}],"line":32}},"s":{"0":0,"1":0,"2":0,"3":0,"4":0,"5":0,"6":0,"7":0,"8":0,"9":0,"10":0,"11":0,"12":0,"13":0,"14":0,"15":0,"16":0,"17":0,"18":0,"19":0,"20":0,"21":0,"22":0,"23":0,"24":0,"25":0,"26":0,"27":0,"28":0,"29":0,"30":0,"31":0,"32":0,"33":0},"f":{"0":0,"1":0,"2":0,"3":0,"4":0,"5":0,"6":0,"7":0,"8":0,"9":0,"10":0,"11":0,"12":0,"13":0,"14":0,"15":0,"16":0},"b":{"0":[0,0],"1":[0,0,0]},"_coverageSchema":"1a1c01bbd47fc00a2c39e90264f33305004495a9","hash":"d9e92a52d98e80dcb2c2ef51b79e0c7b73a04e11"}
}
